Compiling the CXX compiler identification source file "CMakeCXXCompilerId.cpp" failed.
Compiler: /snap/flutter/current/usr/bin/clang++ 
Build flags: 
Id flags:  

The output was:
1
/snap/flutter/current/usr/bin/ld: cannot find -lstdc++
clang: error: linker command failed with exit code 1 (use -v to see invocation)


Determining if the CXX compiler works failed with the following output:
Change Dir: /home/nuttapon/ws/flutter/primitive_inventory/primitive_inventory/build/linux/x64/debug/CMakeFiles/CMakeTmp

Run Build Command(s):/snap/flutter/current/usr/bin/ninja cmTC_b65d3 && [1/2] Building CXX object CMakeFiles/cmTC_b65d3.dir/testCXXCompiler.cxx.o
[2/2] Linking CXX executable cmTC_b65d3
FAILED: cmTC_b65d3 
: && /snap/flutter/current/usr/bin/clang++    -B/snap/flutter/current/usr/lib/gcc/x86_64-linux-gnu/8 -B/snap/flutter/current/usr/lib/x86_64-linux-gnu -B/snap/flutter/current/lib/x86_64-linux-gnu -B/snap/flutter/current/usr/lib/ -L/snap/flutter/current/usr/lib/gcc/x86_64-linux-gnu/8 -L/snap/flutter/current/usr/lib/x86_64-linux-gnu -L/snap/flutter/current/lib/x86_64-linux-gnu -L/snap/flutter/current/usr/lib/ -lblkid -lgcrypt -llzma -llz4 -lgpg-error -luuid -lpthread -ldl CMakeFiles/cmTC_b65d3.dir/testCXXCompiler.cxx.o  -o cmTC_b65d3   && :
/snap/flutter/current/usr/bin/ld: cannot find -lstdc++
clang: error: linker command failed with exit code 1 (use -v to see invocation)
ninja: build stopped: subcommand failed.



Compiling the CXX compiler identification source file "CMakeCXXCompilerId.cpp" failed.
Compiler: /snap/flutter/current/usr/bin/clang++ 
Build flags: 
Id flags:  

The output was:
1
/snap/flutter/current/usr/bin/ld: cannot find -lstdc++
clang: error: linker command failed with exit code 1 (use -v to see invocation)


Determining if the CXX compiler works failed with the following output:
Change Dir: /home/nuttapon/ws/flutter/primitive_inventory/primitive_inventory/build/linux/x64/debug/CMakeFiles/CMakeTmp

Run Build Command(s):/snap/flutter/current/usr/bin/ninja cmTC_3965f && [1/2] Building CXX object CMakeFiles/cmTC_3965f.dir/testCXXCompiler.cxx.o
[2/2] Linking CXX executable cmTC_3965f
FAILED: cmTC_3965f 
: && /snap/flutter/current/usr/bin/clang++    -B/snap/flutter/current/usr/lib/gcc/x86_64-linux-gnu/8 -B/snap/flutter/current/usr/lib/x86_64-linux-gnu -B/snap/flutter/current/lib/x86_64-linux-gnu -B/snap/flutter/current/usr/lib/ -L/snap/flutter/current/usr/lib/gcc/x86_64-linux-gnu/8 -L/snap/flutter/current/usr/lib/x86_64-linux-gnu -L/snap/flutter/current/lib/x86_64-linux-gnu -L/snap/flutter/current/usr/lib/ -lblkid -lgcrypt -llzma -llz4 -lgpg-error -luuid -lpthread -ldl CMakeFiles/cmTC_3965f.dir/testCXXCompiler.cxx.o  -o cmTC_3965f   && :
/snap/flutter/current/usr/bin/ld: cannot find -lstdc++
clang: error: linker command failed with exit code 1 (use -v to see invocation)
ninja: build stopped: subcommand failed.



